(You can skip this, or any future question by using the --noPrompt flag)

We encountered a problem while reading the routes from your applications source.
This might happen when there are lazy-loaded routes, that are not loaded,
Or when there are paths we can not resolve statically.
Check the routes in your app, rebuild and retry.
(You can inspect the error by passing the --showGuessError flag

When there are extraRoutes in your config, we will still try to render those.


----------------------------------Using stored unhandled routes!.   To discover new routes in the angular app use "npm run scully -- --scanRoutes"----------------------------------



----------------------------------Using stored unhandled routes!.   To discover new routes in the angular app use "npm run scully -- --scanRoutes"----------------------------------



----------------------------------Using stored unhandled routes!.   To discover new routes in the angular app use "npm run scully -- --scanRoutes"----------------------------------



----------------------------------No configuration for route "./inscriptions/inscription/:id" found. SkippingUsing stored unhandled routes!.----------------------------------   To discover new routes in the angular app use "npm run scully -- --scanRoutes"




Puppeteer error while rendering "./inscriptions"
ProtocolError: Protocol error (Page.navigate): Cannot navigate to invalid URL
 we will retry rendering this page up to 3 times.Puppeteer error while rendering "./inscriptions/participant"
ProtocolError: Protocol error (Page.navigate): Cannot navigate to invalid URL
 we will retry rendering this page up to 3 times.
Puppeteer error while rendering "./reservation"
ProtocolError: Protocol error (Page.navigate): Cannot navigate to invalid URL
 we will retry rendering this page up to 3 times.

Puppeteer error while rendering "./finnish"
ProtocolError: Protocol error (Page.navigate): Cannot navigate to invalid URL
 we will retry rendering this page up to 3 times.
Puppeteer error while rendering "./inscriptions"
ProtocolError: Protocol error (Page.navigate): Cannot navigate to invalid URL
 we will retry rendering this page up to 3 times.
Puppeteer error while rendering "./inscriptions/participant"
ProtocolError: Protocol error (Page.navigate): Cannot navigate to invalid URL
 we will retry rendering this page up to 3 times.
Puppeteer error while rendering "./reservation"
ProtocolError: Protocol error (Page.navigate): Cannot navigate to invalid URL
 we will retry rendering this page up to 3 times.
Puppeteer error while rendering "./finnish"
ProtocolError: Protocol error (Page.navigate): Cannot navigate to invalid URL
 we will retry rendering this page up to 3 times.
Puppeteer error while rendering "./inscriptions"
ProtocolError: Protocol error (Page.navigate): Cannot navigate to invalid URL
 we will retry rendering this page up to 3 times.
Puppeteer error while rendering "./inscriptions/participant"
ProtocolError: Protocol error (Page.navigate): Cannot navigate to invalid URL
 we will retry rendering this page up to 3 times.
Puppeteer error while rendering "./reservation"
ProtocolError: Protocol error (Page.navigate): Cannot navigate to invalid URL
 we will retry rendering this page up to 3 times.
Puppeteer error while rendering "./finnish"
ProtocolError: Protocol error (Page.navigate): Cannot navigate to invalid URL
 we will retry rendering this page up to 3 times.
----------------------------------No configuration for route "/inscriptions/inscription/:id" found. Skipping   To discover new routes in the angular app use "npm run scully -- --scanRoutes"Using stored unhandled routes!.----------------------------------




----------------------------------Using stored unhandled routes!.   To discover new routes in the angular app use "npm run scully -- --scanRoutes"----------------------------------No configuration for route "/inscriptions/inscription/:id" found. Skipping




